Analysis & Synthesis report for stop_watch
Fri Dec 01 17:25:16 2017
Quartus II 64-Bit Version 13.1.0 Build 162 10/23/2013 SJ Web Edition


---------------------
; Table of Contents ;
---------------------
  1. Legal Notice
  2. Analysis & Synthesis Summary
  3. Analysis & Synthesis Settings
  4. Parallel Compilation
  5. Analysis & Synthesis Source Files Read
  6. Analysis & Synthesis Resource Usage Summary
  7. Analysis & Synthesis Resource Utilization by Entity
  8. User-Specified and Inferred Latches
  9. Registers Removed During Synthesis
 10. General Register Statistics
 11. Inverted Register Statistics
 12. Multiplexer Restructuring Statistics (Restructuring Performed)
 13. Elapsed Time Per Partition
 14. Analysis & Synthesis Messages
 15. Analysis & Synthesis Suppressed Messages



----------------
; Legal Notice ;
----------------
Copyright (C) 1991-2013 Altera Corporation
Your use of Altera Corporation's design tools, logic functions 
and other software and tools, and its AMPP partner logic 
functions, and any output files from any of the foregoing 
(including device programming or simulation files), and any 
associated documentation or information are expressly subject 
to the terms and conditions of the Altera Program License 
Subscription Agreement, Altera MegaCore Function License 
Agreement, or other applicable license agreement, including, 
without limitation, that your use is for the sole purpose of 
programming logic devices manufactured by Altera and sold by 
Altera or its authorized distributors.  Please refer to the 
applicable agreement for further details.



+------------------------------------------------------------------------------+
; Analysis & Synthesis Summary                                                 ;
+---------------------------------+--------------------------------------------+
; Analysis & Synthesis Status     ; Successful - Fri Dec 01 17:25:16 2017      ;
; Quartus II 64-Bit Version       ; 13.1.0 Build 162 10/23/2013 SJ Web Edition ;
; Revision Name                   ; stop_watch                                 ;
; Top-level Entity Name           ; stop_watch                                 ;
; Family                          ; Cyclone V                                  ;
; Logic utilization (in ALMs)     ; N/A                                        ;
; Total registers                 ; 172                                        ;
; Total pins                      ; 50                                         ;
; Total virtual pins              ; 0                                          ;
; Total block memory bits         ; 0                                          ;
; Total DSP Blocks                ; 0                                          ;
; Total HSSI RX PCSs              ; 0                                          ;
; Total HSSI PMA RX Deserializers ; 0                                          ;
; Total HSSI TX PCSs              ; 0                                          ;
; Total HSSI TX Channels          ; 0                                          ;
; Total PLLs                      ; 0                                          ;
; Total DLLs                      ; 0                                          ;
+---------------------------------+--------------------------------------------+


+---------------------------------------------------------------------------------------------------------------------------+
; Analysis & Synthesis Settings                                                                                             ;
+---------------------------------------------------------------------------------+--------------------+--------------------+
; Option                                                                          ; Setting            ; Default Value      ;
+---------------------------------------------------------------------------------+--------------------+--------------------+
; Device                                                                          ; 5CSEMA5F31C6       ;                    ;
; Top-level entity name                                                           ; stop_watch         ; stop_watch         ;
; Family name                                                                     ; Cyclone V          ; Cyclone IV GX      ;
; Use smart compilation                                                           ; Off                ; Off                ;
; Enable parallel Assembler and TimeQuest Timing Analyzer during compilation      ; On                 ; On                 ;
; Enable compact report table                                                     ; Off                ; Off                ;
; Restructure Multiplexers                                                        ; Auto               ; Auto               ;
; MLAB Add Timing Constraints For Mixed-Port Feed-Through Mode Setting Don't Care ; Off                ; Off                ;
; Create Debugging Nodes for IP Cores                                             ; Off                ; Off                ;
; Preserve fewer node names                                                       ; On                 ; On                 ;
; Disable OpenCore Plus hardware evaluation                                       ; Off                ; Off                ;
; Verilog Version                                                                 ; Verilog_2001       ; Verilog_2001       ;
; VHDL Version                                                                    ; VHDL_1993          ; VHDL_1993          ;
; State Machine Processing                                                        ; Auto               ; Auto               ;
; Safe State Machine                                                              ; Off                ; Off                ;
; Extract Verilog State Machines                                                  ; On                 ; On                 ;
; Extract VHDL State Machines                                                     ; On                 ; On                 ;
; Ignore Verilog initial constructs                                               ; Off                ; Off                ;
; Iteration limit for constant Verilog loops                                      ; 5000               ; 5000               ;
; Iteration limit for non-constant Verilog loops                                  ; 250                ; 250                ;
; Add Pass-Through Logic to Inferred RAMs                                         ; On                 ; On                 ;
; Infer RAMs from Raw Logic                                                       ; On                 ; On                 ;
; Parallel Synthesis                                                              ; On                 ; On                 ;
; DSP Block Balancing                                                             ; Auto               ; Auto               ;
; NOT Gate Push-Back                                                              ; On                 ; On                 ;
; Power-Up Don't Care                                                             ; On                 ; On                 ;
; Remove Redundant Logic Cells                                                    ; Off                ; Off                ;
; Remove Duplicate Registers                                                      ; On                 ; On                 ;
; Ignore CARRY Buffers                                                            ; Off                ; Off                ;
; Ignore CASCADE Buffers                                                          ; Off                ; Off                ;
; Ignore GLOBAL Buffers                                                           ; Off                ; Off                ;
; Ignore ROW GLOBAL Buffers                                                       ; Off                ; Off                ;
; Ignore LCELL Buffers                                                            ; Off                ; Off                ;
; Ignore SOFT Buffers                                                             ; On                 ; On                 ;
; Limit AHDL Integers to 32 Bits                                                  ; Off                ; Off                ;
; Optimization Technique                                                          ; Balanced           ; Balanced           ;
; Carry Chain Length                                                              ; 70                 ; 70                 ;
; Auto Carry Chains                                                               ; On                 ; On                 ;
; Auto Open-Drain Pins                                                            ; On                 ; On                 ;
; Perform WYSIWYG Primitive Resynthesis                                           ; Off                ; Off                ;
; Auto ROM Replacement                                                            ; On                 ; On                 ;
; Auto RAM Replacement                                                            ; On                 ; On                 ;
; Auto DSP Block Replacement                                                      ; On                 ; On                 ;
; Auto Shift Register Replacement                                                 ; Auto               ; Auto               ;
; Allow Shift Register Merging across Hierarchies                                 ; Auto               ; Auto               ;
; Auto Clock Enable Replacement                                                   ; On                 ; On                 ;
; Strict RAM Replacement                                                          ; Off                ; Off                ;
; Allow Synchronous Control Signals                                               ; On                 ; On                 ;
; Force Use of Synchronous Clear Signals                                          ; Off                ; Off                ;
; Auto Resource Sharing                                                           ; Off                ; Off                ;
; Allow Any RAM Size For Recognition                                              ; Off                ; Off                ;
; Allow Any ROM Size For Recognition                                              ; Off                ; Off                ;
; Allow Any Shift Register Size For Recognition                                   ; Off                ; Off                ;
; Use LogicLock Constraints during Resource Balancing                             ; On                 ; On                 ;
; Ignore translate_off and synthesis_off directives                               ; Off                ; Off                ;
; Timing-Driven Synthesis                                                         ; On                 ; On                 ;
; Report Parameter Settings                                                       ; On                 ; On                 ;
; Report Source Assignments                                                       ; On                 ; On                 ;
; Report Connectivity Checks                                                      ; On                 ; On                 ;
; Ignore Maximum Fan-Out Assignments                                              ; Off                ; Off                ;
; Synchronization Register Chain Length                                           ; 3                  ; 3                  ;
; PowerPlay Power Optimization                                                    ; Normal compilation ; Normal compilation ;
; HDL message level                                                               ; Level2             ; Level2             ;
; Suppress Register Optimization Related Messages                                 ; Off                ; Off                ;
; Number of Removed Registers Reported in Synthesis Report                        ; 5000               ; 5000               ;
; Number of Swept Nodes Reported in Synthesis Report                              ; 5000               ; 5000               ;
; Number of Inverted Registers Reported in Synthesis Report                       ; 100                ; 100                ;
; Clock MUX Protection                                                            ; On                 ; On                 ;
; Auto Gated Clock Conversion                                                     ; Off                ; Off                ;
; Block Design Naming                                                             ; Auto               ; Auto               ;
; SDC constraint protection                                                       ; Off                ; Off                ;
; Synthesis Effort                                                                ; Auto               ; Auto               ;
; Shift Register Replacement - Allow Asynchronous Clear Signal                    ; On                 ; On                 ;
; Pre-Mapping Resynthesis Optimization                                            ; Off                ; Off                ;
; Analysis & Synthesis Message Level                                              ; Medium             ; Medium             ;
; Disable Register Merging Across Hierarchies                                     ; Auto               ; Auto               ;
; Resource Aware Inference For Block RAM                                          ; On                 ; On                 ;
; Synthesis Seed                                                                  ; 1                  ; 1                  ;
; Automatic Parallel Synthesis                                                    ; On                 ; On                 ;
+---------------------------------------------------------------------------------+--------------------+--------------------+


+------------------------------------------+
; Parallel Compilation                     ;
+----------------------------+-------------+
; Processors                 ; Number      ;
+----------------------------+-------------+
; Number detected on machine ; 4           ;
; Maximum allowed            ; 2           ;
;                            ;             ;
; Average used               ; 1.00        ;
; Maximum used               ; 1           ;
;                            ;             ;
; Usage by Processor         ; % Time Used ;
;     Processor 1            ; 100.0%      ;
;     Processors 2-4         ;   0.0%      ;
+----------------------------+-------------+


+-----------------------------------------------------------------------------------------------------------------------------------------------+
; Analysis & Synthesis Source Files Read                                                                                                        ;
+----------------------------------+-----------------+------------------------+-------------------------------------------------------+---------+
; File Name with User-Entered Path ; Used in Netlist ; File Type              ; File Name with Absolute Path                          ; Library ;
+----------------------------------+-----------------+------------------------+-------------------------------------------------------+---------+
; sevenseg.v                       ; yes             ; User Verilog HDL File  ; J:/altera/13.1/projects/stop_watch/sevenseg.v         ;         ;
; top.v                            ; yes             ; User Verilog HDL File  ; J:/altera/13.1/projects/stop_watch/top.v              ;         ;
; controller.v                     ; yes             ; User Verilog HDL File  ; J:/altera/13.1/projects/stop_watch/controller.v       ;         ;
; clock_50_to_10ms.v               ; yes             ; User Verilog HDL File  ; J:/altera/13.1/projects/stop_watch/clock_50_to_10ms.v ;         ;
; solve_shake.v                    ; yes             ; User Verilog HDL File  ; J:/altera/13.1/projects/stop_watch/solve_shake.v      ;         ;
; action.v                         ; yes             ; User Verilog HDL File  ; J:/altera/13.1/projects/stop_watch/action.v           ;         ;
+----------------------------------+-----------------+------------------------+-------------------------------------------------------+---------+


+--------------------------------------------------------------+
; Analysis & Synthesis Resource Usage Summary                  ;
+---------------------------------------------+----------------+
; Resource                                    ; Usage          ;
+---------------------------------------------+----------------+
; Estimate of Logic utilization (ALMs needed) ; 183            ;
;                                             ;                ;
; Combinational ALUT usage for logic          ; 338            ;
;     -- 7 input functions                    ; 0              ;
;     -- 6 input functions                    ; 24             ;
;     -- 5 input functions                    ; 22             ;
;     -- 4 input functions                    ; 50             ;
;     -- <=3 input functions                  ; 242            ;
;                                             ;                ;
; Dedicated logic registers                   ; 172            ;
;                                             ;                ;
; I/O pins                                    ; 50             ;
; Total DSP Blocks                            ; 0              ;
; Maximum fan-out node                        ; CLOCK_50~input ;
; Maximum fan-out                             ; 131            ;
; Total fan-out                               ; 1591           ;
; Average fan-out                             ; 2.61           ;
+---------------------------------------------+----------------+


+---------------------------------------------------------------------------------------------------------------------------------------------------------------------------------------------------------------------------+
; Analysis & Synthesis Resource Utilization by Entity                                                                                                                                                                       ;
+-------------------------------------------+-------------------+--------------+-------------------+------------+------+--------------+----------------------------------------------------------------------+--------------+
; Compilation Hierarchy Node                ; LC Combinationals ; LC Registers ; Block Memory Bits ; DSP Blocks ; Pins ; Virtual Pins ; Full Hierarchy Name                                                  ; Library Name ;
+-------------------------------------------+-------------------+--------------+-------------------+------------+------+--------------+----------------------------------------------------------------------+--------------+
; |stop_watch                               ; 338 (0)           ; 172 (0)      ; 0                 ; 0          ; 50   ; 0            ; |stop_watch                                                          ; work         ;
;    |action:action_div|                    ; 2 (2)             ; 1 (1)        ; 0                 ; 0          ; 0    ; 0            ; |stop_watch|action:action_div                                        ; work         ;
;    |clock_50_to_10ms:clock_div|           ; 44 (44)           ; 32 (32)      ; 0                 ; 0          ; 0    ; 0            ; |stop_watch|clock_50_to_10ms:clock_div                               ; work         ;
;    |controller:crontroller|               ; 64 (29)           ; 40 (40)      ; 0                 ; 0          ; 0    ; 0            ; |stop_watch|controller:crontroller                                   ; work         ;
;       |sevenseg:LED_minute_display_low|   ; 7 (7)             ; 0 (0)        ; 0                 ; 0          ; 0    ; 0            ; |stop_watch|controller:crontroller|sevenseg:LED_minute_display_low   ; work         ;
;       |sevenseg:LED_msecond_display_high| ; 7 (7)             ; 0 (0)        ; 0                 ; 0          ; 0    ; 0            ; |stop_watch|controller:crontroller|sevenseg:LED_msecond_display_high ; work         ;
;       |sevenseg:LED_msecond_display_low|  ; 7 (7)             ; 0 (0)        ; 0                 ; 0          ; 0    ; 0            ; |stop_watch|controller:crontroller|sevenseg:LED_msecond_display_low  ; work         ;
;       |sevenseg:LED_second_display_high|  ; 7 (7)             ; 0 (0)        ; 0                 ; 0          ; 0    ; 0            ; |stop_watch|controller:crontroller|sevenseg:LED_second_display_high  ; work         ;
;       |sevenseg:LED_second_display_low|   ; 7 (7)             ; 0 (0)        ; 0                 ; 0          ; 0    ; 0            ; |stop_watch|controller:crontroller|sevenseg:LED_second_display_low   ; work         ;
;    |solve_shake:comb_7|                   ; 76 (76)           ; 33 (33)      ; 0                 ; 0          ; 0    ; 0            ; |stop_watch|solve_shake:comb_7                                       ; work         ;
;    |solve_shake:comb_8|                   ; 76 (76)           ; 33 (33)      ; 0                 ; 0          ; 0    ; 0            ; |stop_watch|solve_shake:comb_8                                       ; work         ;
;    |solve_shake:comb_9|                   ; 76 (76)           ; 33 (33)      ; 0                 ; 0          ; 0    ; 0            ; |stop_watch|solve_shake:comb_9                                       ; work         ;
+-------------------------------------------+-------------------+--------------+-------------------+------------+------+--------------+----------------------------------------------------------------------+--------------+
Note: For table entries with two numbers listed, the numbers in parentheses indicate the number of resources of the given type used by the specific entity alone. The numbers listed outside of parentheses indicate the total resources of the given type used by the specific entity and all of its sub-entities in the hierarchy.


+----------------------------------------------------------------------------------------------------------+
; User-Specified and Inferred Latches                                                                      ;
+----------------------------------------------------+----------------------------+------------------------+
; Latch Name                                         ; Latch Enable Signal        ; Free of Timing Hazards ;
+----------------------------------------------------+----------------------------+------------------------+
; action:action_div|watch_running                    ; solve_shake:comb_8|out_reg ; yes                    ;
; Number of user-specified and inferred latches = 1  ;                            ;                        ;
+----------------------------------------------------+----------------------------+------------------------+
Note: All latches listed above may not be present at the end of synthesis due to various synthesis optimizations.


+-------------------------------------------------------------------------------------------+
; Registers Removed During Synthesis                                                        ;
+--------------------------------------------------+----------------------------------------+
; Register name                                    ; Reason for Removal                     ;
+--------------------------------------------------+----------------------------------------+
; controller:crontroller|minute_display_high[0..3] ; Stuck at GND due to stuck port data_in ;
; Total Number of Removed Registers = 4            ;                                        ;
+--------------------------------------------------+----------------------------------------+


+------------------------------------------------------+
; General Register Statistics                          ;
+----------------------------------------------+-------+
; Statistic                                    ; Value ;
+----------------------------------------------+-------+
; Total registers                              ; 172   ;
; Number of registers using Synchronous Clear  ; 148   ;
; Number of registers using Synchronous Load   ; 0     ;
; Number of registers using Asynchronous Clear ; 1     ;
; Number of registers using Asynchronous Load  ; 0     ;
; Number of registers using Clock Enable       ; 68    ;
; Number of registers using Preset             ; 0     ;
+----------------------------------------------+-------+


+--------------------------------------------------+
; Inverted Register Statistics                     ;
+----------------------------------------+---------+
; Inverted Register                      ; Fan out ;
+----------------------------------------+---------+
; action:action_div|display_running      ; 2       ;
; solve_shake:comb_7|out_reg             ; 3       ;
; solve_shake:comb_8|out_reg             ; 3       ;
; solve_shake:comb_9|out_reg             ; 2       ;
; Total number of inverted registers = 4 ;         ;
+----------------------------------------+---------+


+------------------------------------------------------------------------------------------------------------------------------------------------------------------------+
; Multiplexer Restructuring Statistics (Restructuring Performed)                                                                                                         ;
+--------------------+-----------+---------------+----------------------+------------------------+------------+----------------------------------------------------------+
; Multiplexer Inputs ; Bus Width ; Baseline Area ; Area if Restructured ; Saving if Restructured ; Registered ; Example Multiplexer Output                               ;
+--------------------+-----------+---------------+----------------------+------------------------+------------+----------------------------------------------------------+
; 3:1                ; 20 bits   ; 40 LEs        ; 0 LEs                ; 40 LEs                 ; Yes        ; |stop_watch|controller:crontroller|minute_display_low[0] ;
; 3:1                ; 4 bits    ; 8 LEs         ; 8 LEs                ; 0 LEs                  ; Yes        ; |stop_watch|controller:crontroller|msecond_count_low[1]  ;
; 4:1                ; 4 bits    ; 8 LEs         ; 8 LEs                ; 0 LEs                  ; Yes        ; |stop_watch|controller:crontroller|msecond_count_high[0] ;
; 4:1                ; 32 bits   ; 64 LEs        ; 0 LEs                ; 64 LEs                 ; Yes        ; |stop_watch|clock_50_to_10ms:clock_div|cnt[9]            ;
; 5:1                ; 4 bits    ; 12 LEs        ; 8 LEs                ; 4 LEs                  ; Yes        ; |stop_watch|controller:crontroller|second_count_low[1]   ;
; 6:1                ; 4 bits    ; 16 LEs        ; 8 LEs                ; 8 LEs                  ; Yes        ; |stop_watch|controller:crontroller|second_count_high[0]  ;
; 7:1                ; 4 bits    ; 16 LEs        ; 8 LEs                ; 8 LEs                  ; Yes        ; |stop_watch|controller:crontroller|minute_count_low[3]   ;
+--------------------+-----------+---------------+----------------------+------------------------+------------+----------------------------------------------------------+


+-------------------------------+
; Elapsed Time Per Partition    ;
+----------------+--------------+
; Partition Name ; Elapsed Time ;
+----------------+--------------+
; Top            ; 00:00:00     ;
+----------------+--------------+


+-------------------------------+
; Analysis & Synthesis Messages ;
+-------------------------------+
Info: *******************************************************************
Info: Running Quartus II 64-Bit Analysis & Synthesis
    Info: Version 13.1.0 Build 162 10/23/2013 SJ Web Edition
    Info: Processing started: Fri Dec 01 17:25:14 2017
Info: Command: quartus_map --read_settings_files=on --write_settings_files=off stop_watch -c stop_watch
Info (11104): Parallel Compilation has detected 4 hyper-threaded processors. However, the extra hyper-threaded processors will not be used by default. Parallel Compilation will use 2 of the 2 physical processors detected instead.
Warning (12019): Can't analyze file -- file stop_watch.v is missing
Info (12021): Found 1 design units, including 1 entities, in source file sevenseg.v
    Info (12023): Found entity 1: sevenseg
Warning (10275): Verilog HDL Module Instantiation warning at top.v(83): ignored dangling comma in List of Port Connections
Info (12021): Found 1 design units, including 1 entities, in source file top.v
    Info (12023): Found entity 1: stop_watch
Warning (10238): Verilog Module Declaration warning at controller.v(15): ignored anonymous port(s) indicated by duplicate or dangling comma(s) in the port list for module "controller"
Info (12021): Found 1 design units, including 1 entities, in source file controller.v
    Info (12023): Found entity 1: controller
Info (12021): Found 1 design units, including 1 entities, in source file clock_50_to_10ms.v
    Info (12023): Found entity 1: clock_50_to_10ms
Warning (12019): Can't analyze file -- file clk_50_to_10ms.v is missing
Info (12021): Found 1 design units, including 1 entities, in source file solve_shake.v
    Info (12023): Found entity 1: solve_shake
Info (12021): Found 1 design units, including 1 entities, in source file action.v
    Info (12023): Found entity 1: action
Warning (10227): Verilog HDL Port Declaration warning at sevenseg.v(5): data type declaration for "ledsegments" declares packed dimensions but the port declaration declaration does not
Info (10499): HDL info at sevenseg.v(4): see declaration for object "ledsegments"
Critical Warning (10846): Verilog HDL Instantiation warning at top.v(52): instance has no name
Critical Warning (10846): Verilog HDL Instantiation warning at top.v(58): instance has no name
Critical Warning (10846): Verilog HDL Instantiation warning at top.v(64): instance has no name
Info (12127): Elaborating entity "stop_watch" for the top level hierarchy
Info (12128): Elaborating entity "clock_50_to_10ms" for hierarchy "clock_50_to_10ms:clock_div"
Info (12128): Elaborating entity "solve_shake" for hierarchy "solve_shake:comb_7"
Info (12128): Elaborating entity "action" for hierarchy "action:action_div"
Warning (10240): Verilog HDL Always Construct warning at action.v(28): inferring latch(es) for variable "watch_running", which holds its previous value in one or more paths through the always construct
Info (10041): Inferred latch for "watch_running" at action.v(36)
Info (12128): Elaborating entity "controller" for hierarchy "controller:crontroller"
Info (12128): Elaborating entity "sevenseg" for hierarchy "controller:crontroller|sevenseg:LED_minute_display_high"
Warning (13024): Output pins are stuck at VCC or GND
    Warning (13410): Pin "hex5[0]" is stuck at GND
    Warning (13410): Pin "hex5[1]" is stuck at GND
    Warning (13410): Pin "hex5[2]" is stuck at GND
    Warning (13410): Pin "hex5[3]" is stuck at GND
    Warning (13410): Pin "hex5[4]" is stuck at GND
    Warning (13410): Pin "hex5[5]" is stuck at GND
    Warning (13410): Pin "hex5[6]" is stuck at VCC
Info (286030): Timing-Driven Synthesis is running
Info (144001): Generated suppressed messages file J:/altera/13.1/projects/stop_watch/output_files/stop_watch.map.smsg
Info (16010): Generating hard_block partition "hard_block:auto_generated_inst"
    Info (16011): Adding 0 node(s), including 0 DDIO, 0 PLL, 0 transceiver and 0 LCELL
Info (21057): Implemented 414 device resources after synthesis - the final resource count might be different
    Info (21058): Implemented 4 input pins
    Info (21059): Implemented 46 output pins
    Info (21061): Implemented 364 logic cells
Info: Quartus II 64-Bit Analysis & Synthesis was successful. 0 errors, 17 warnings
    Info: Peak virtual memory: 569 megabytes
    Info: Processing ended: Fri Dec 01 17:25:17 2017
    Info: Elapsed time: 00:00:03
    Info: Total CPU time (on all processors): 00:00:02


+------------------------------------------+
; Analysis & Synthesis Suppressed Messages ;
+------------------------------------------+
The suppressed messages can be found in J:/altera/13.1/projects/stop_watch/output_files/stop_watch.map.smsg.


